<?xml version="1.0" encoding="UTF-8"?>
<!-- Generated by org.testng.reporters.JUnitReportReporter -->
<testsuite hostname="DESKTOP-INNCMQ1" failures="0" tests="1" name="testCase.TC_00loginVtiger_Test" time="24.768" errors="0" timestamp="2023-07-05T10:07:07 IST" skipped="0">
  <testcase classname="testCase.TC_00loginVtiger_Test" name="TC_00" time="24.768"/>
</testsuite> <!-- testCase.TC_00loginVtiger_Test -->
