<?xml version="1.0" encoding="UTF-8"?>
<!-- Generated by org.testng.reporters.JUnitReportReporter -->
<testsuite hostname="DESKTOP-INNCMQ1" failures="0" tests="1" name="testCase.TC_07QuickCreate_Test" time="32.154" errors="0" timestamp="2023-07-05T09:39:22 IST" skipped="0">
  <testcase classname="testCase.TC_07QuickCreate_Test" name="TC_07" time="32.154"/>
</testsuite> <!-- testCase.TC_07QuickCreate_Test -->
