<?xml version="1.0" encoding="UTF-8"?>
<!-- Generated by org.testng.reporters.JUnitReportReporter -->
<testsuite hostname="DESKTOP-INNCMQ1" failures="0" tests="1" name="testCase.TC_10CreateDuplicateAndDeleteLead_Test" time="68.430" errors="0" timestamp="2023-07-05T09:24:48 IST" skipped="0">
  <testcase classname="testCase.TC_10CreateDuplicateAndDeleteLead_Test" name="TC_10" time="68.430"/>
</testsuite> <!-- testCase.TC_10CreateDuplicateAndDeleteLead_Test -->
